<?xml version="1.0" encoding="UTF-8"?>
<!-- Generated by org.testng.reporters.JUnitXMLReporter -->
<testsuite ignored="1" hostname="LAPTOP-B7N6EJDF" failures="0" tests="6" name="Test" time="59.698" errors="0" timestamp="2025-01-23T09:51:26 IST">
  <testcase classname="com.qa.Testscript.TC01_Registration" name="verify_account_registration" time="9.765"/>
  <testcase classname="com.qa.Testscript.TC03_Flight" name="flightlink" time="1.217"/>
  <testcase classname="com.qa.Testscript.TC04_LoginDDT" name="logintest" time="5.727"/>
  <testcase classname="com.qa.Testscript.TC06_ArrDep" name="Departurelink" time="1.938"/>
  <testcase classname="com.qa.Testscript.TC06_ArrDep" name="Arriving" time="1.798"/>
  <testcase classname="com.qa.Testscript.TC07_Preferences" name="preferences" time="3.131"/>
  <testcase classname="com.qa.Testscript.TC03_Flight" name="passcount" time="0.0">
    <ignored/>
  </testcase> <!-- passcount -->
</testsuite> <!-- Test -->
