<?xml version="1.0" encoding="UTF-8"?>
<!-- Generated by org.testng.reporters.JUnitXMLReporter -->
<testsuite ignored="2" hostname="LAPTOP-B7N6EJDF" failures="0" tests="6" name="Test" time="88.511" errors="0" timestamp="2025-01-21T15:10:58 IST">
  <testcase classname="com.qa.Testscript.TC01_Registration" name="verify_account_registration" time="16.111"/>
  <testcase classname="com.qa.Testscript.TC03_Flight" name="flightlink" time="3.531"/>
  <testcase classname="com.qa.Testscript.TC04_LoginDDT" name="logintest" time="7.901"/>
  <testcase classname="com.qa.Testscript.TC06_ArrDep" name="Departurelink" time="2.38"/>
  <testcase classname="com.qa.Testscript.TC06_ArrDep" name="Arriving" time="3.331"/>
  <testcase classname="com.qa.Testscript.TC07_Preferences" name="preferences" time="4.735"/>
  <testcase classname="com.qa.Testscript.TC03_Flight" name="passcount" time="0.0">
    <ignored/>
  </testcase> <!-- passcount -->
  <testcase classname="com.qa.Testscript.TC05_DDTLogin" name="verify_DDTLogin" time="0.0">
    <ignored/>
  </testcase> <!-- verify_DDTLogin -->
</testsuite> <!-- Test -->
