<?xml version="1.0" encoding="UTF-8"?>
<!-- Generated by org.testng.reporters.JUnitXMLReporter -->
<testsuite ignored="1" hostname="LAPTOP-B7N6EJDF" failures="0" tests="6" name="Test" time="152.82" errors="0" timestamp="2025-01-23T10:06:31 IST">
  <testcase classname="com.qa.Testscript.TC01_Registration" name="verify_account_registration" time="8.249"/>
  <testcase classname="com.qa.Testscript.TC03_Flight" name="flightlink" time="1.014"/>
  <testcase classname="com.qa.Testscript.TC04_LoginDDT" name="logintest" time="6.471"/>
  <testcase classname="com.qa.Testscript.TC06_ArrDep" name="Departurelink" time="19.321"/>
  <testcase classname="com.qa.Testscript.TC06_ArrDep" name="Arriving" time="4.67"/>
  <testcase classname="com.qa.Testscript.TC07_Preferences" name="preferences" time="14.205"/>
  <testcase classname="com.qa.Testscript.TC03_Flight" name="passcount" time="0.0">
    <ignored/>
  </testcase> <!-- passcount -->
</testsuite> <!-- Test -->
