<?xml version="1.0" encoding="UTF-8"?>
<testsuite xmlns:xsi="http://www.w3.org/2001/XMLSchema-instance" xsi:noNamespaceSchemaLocation="https://maven.apache.org/surefire/maven-surefire-plugin/xsd/surefire-test-report-3.0.xsd" version="3.0" name="TestSuite" time="61.121" tests="6" errors="0" skipped="0" failures="0">
  <properties>
[...]
</properties>
  <testcase name="verify_account_registration" classname="com.qa.Testscript.TC01_Registration" time="9.778">
    <system-out><![CDATA[2025-01-23 09:50:32 INFO  TC01_Registration:12 - ******* Starting TC01_RegistrationTest *******
2025-01-23 09:50:36 INFO  TC01_Registration:18 - ******* enter the details ...........
2025-01-23 09:50:40 INFO  TC01_Registration:36 - ******* login the details ...........
2025-01-23 09:50:41 INFO  TC01_Registration:50 - *****  finished the TC01_RegistrationTest
]]></system-out>
    <system-err><![CDATA[Jan 23, 2025 9:50:29 AM org.openqa.selenium.devtools.CdpVersionFinder findNearestMatch
WARNING: Unable to find CDP implementation matching 131
Jan 23, 2025 9:50:29 AM org.openqa.selenium.chromium.ChromiumDriver lambda$new$5
WARNING: Unable to find version of CDP to use for 131.0.2903.112. You may need to include a dependency on a specific version of the CDP using something similar to `org.seleniumhq.selenium:selenium-devtools-v86:4.14.0` where the version ("v86") matches the version of the chromium-based browser you're using and the version number of the artifact is the same as Selenium's.
]]></system-err>
  </testcase>
  <testcase name="flightlink" classname="com.qa.Testscript.TC03_Flight" time="1.215">
    <system-out><![CDATA[2025-01-23 09:50:48 INFO  TC03_Flight:14 - ***** starting TC02_Flight **** 
2025-01-23 09:50:49 INFO  TC03_Flight:21 - ***** reservation page is landed **** 
The user has landed on the flight reservation page
2025-01-23 09:50:49 INFO  TC03_Flight:33 - ***** round trip is selected **** 
2025-01-23 09:50:49 INFO  TC03_Flight:38 - ***** both btn is selected **** 
Radio button with value: roundtrip is selected.
Radio button with value: oneway is selected.
]]></system-out>
    <system-err><![CDATA[Jan 23, 2025 9:50:42 AM org.openqa.selenium.remote.http.WebSocket$Listener onError
WARNING: Connection reset
java.net.SocketException: Connection reset
	at java.base/sun.nio.ch.SocketChannelImpl.throwConnectionReset(SocketChannelImpl.java:401)
	at java.base/sun.nio.ch.SocketChannelImpl.read(SocketChannelImpl.java:434)
	at java.net.http/jdk.internal.net.http.SocketTube.readAvailable(SocketTube.java:1178)
	at java.net.http/jdk.internal.net.http.SocketTube$InternalReadPublisher$InternalReadSubscription.read(SocketTube.java:841)
	at java.net.http/jdk.internal.net.http.SocketTube$SocketFlowTask.run(SocketTube.java:181)
	at java.net.http/jdk.internal.net.http.common.SequentialScheduler$SchedulableTask.run(SequentialScheduler.java:207)
	at java.net.http/jdk.internal.net.http.common.SequentialScheduler.runOrSchedule(SequentialScheduler.java:280)
	at java.net.http/jdk.internal.net.http.common.SequentialScheduler.runOrSchedule(SequentialScheduler.java:233)
	at java.net.http/jdk.internal.net.http.SocketTube$InternalReadPublisher$InternalReadSubscription.signalReadable(SocketTube.java:782)
	at java.net.http/jdk.internal.net.http.SocketTube$InternalReadPublisher$ReadEvent.signalEvent(SocketTube.java:965)
	at java.net.http/jdk.internal.net.http.SocketTube$SocketFlowEvent.handle(SocketTube.java:253)
	at java.net.http/jdk.internal.net.http.HttpClientImpl$SelectorManager.handleEvent(HttpClientImpl.java:1469)
	at java.net.http/jdk.internal.net.http.HttpClientImpl$SelectorManager.lambda$run$3(HttpClientImpl.java:1414)
	at java.base/java.util.ArrayList.forEach(ArrayList.java:1596)
	at java.net.http/jdk.internal.net.http.HttpClientImpl$SelectorManager.run(HttpClientImpl.java:1414)

Jan 23, 2025 9:50:45 AM org.openqa.selenium.devtools.CdpVersionFinder findNearestMatch
WARNING: Unable to find CDP implementation matching 131
Jan 23, 2025 9:50:45 AM org.openqa.selenium.chromium.ChromiumDriver lambda$new$5
WARNING: Unable to find version of CDP to use for 131.0.2903.112. You may need to include a dependency on a specific version of the CDP using something similar to `org.seleniumhq.selenium:selenium-devtools-v86:4.14.0` where the version ("v86") matches the version of the chromium-based browser you're using and the version number of the artifact is the same as Selenium's.
]]></system-err>
  </testcase>
  <testcase name="logintest" classname="com.qa.Testscript.TC04_LoginDDT" time="5.727">
    <system-out><![CDATA[2025-01-23 09:50:59 INFO  TC04_LoginDDT:13 - ******* Starting TC03_LoginDDT *******
Login is successfull
2025-01-23 09:51:03 INFO  TC04_LoginDDT:45 - ***** submit the login the TC03_LoginDDT ******
2025-01-23 09:51:05 INFO  TC04_LoginDDT:49 - ***** Finished TC03_LoginDDT ******
]]></system-out>
    <system-err><![CDATA[Jan 23, 2025 9:50:52 AM org.openqa.selenium.devtools.CdpVersionFinder findNearestMatch
WARNING: Unable to find CDP implementation matching 131
Jan 23, 2025 9:50:52 AM org.openqa.selenium.chromium.ChromiumDriver lambda$new$5
WARNING: Unable to find version of CDP to use for 131.0.2903.112. You may need to include a dependency on a specific version of the CDP using something similar to `org.seleniumhq.selenium:selenium-devtools-v86:4.14.0` where the version ("v86") matches the version of the chromium-based browser you're using and the version number of the artifact is the same as Selenium's.
]]></system-err>
  </testcase>
  <testcase name="Departurelink" classname="com.qa.Testscript.TC06_ArrDep" time="1.938">
    <system-out><![CDATA[2025-01-23 09:51:11 INFO  TC06_ArrDep:16 - ***** Starting Departure **** 
Dropdown Options:
Acapulco
Frankfurt
London
New York
Paris
Portland
San Francisco
Seattle
Sydney
Zurich
Dropdown Options:
January
February
March
April
May
June
July
August
September
October
November
December
2025-01-23 09:51:13 INFO  TC06_ArrDep:42 - ***** Finished Departure *****
]]></system-out>
    <system-err><![CDATA[Jan 23, 2025 9:51:05 AM org.openqa.selenium.remote.http.WebSocket$Listener onError
WARNING: Connection reset
java.net.SocketException: Connection reset
	at java.base/sun.nio.ch.SocketChannelImpl.throwConnectionReset(SocketChannelImpl.java:401)
	at java.base/sun.nio.ch.SocketChannelImpl.read(SocketChannelImpl.java:434)
	at java.net.http/jdk.internal.net.http.SocketTube.readAvailable(SocketTube.java:1178)
	at java.net.http/jdk.internal.net.http.SocketTube$InternalReadPublisher$InternalReadSubscription.read(SocketTube.java:841)
	at java.net.http/jdk.internal.net.http.SocketTube$SocketFlowTask.run(SocketTube.java:181)
	at java.net.http/jdk.internal.net.http.common.SequentialScheduler$SchedulableTask.run(SequentialScheduler.java:207)
	at java.net.http/jdk.internal.net.http.common.SequentialScheduler.runOrSchedule(SequentialScheduler.java:280)
	at java.net.http/jdk.internal.net.http.common.SequentialScheduler.runOrSchedule(SequentialScheduler.java:233)
	at java.net.http/jdk.internal.net.http.SocketTube$InternalReadPublisher$InternalReadSubscription.signalReadable(SocketTube.java:782)
	at java.net.http/jdk.internal.net.http.SocketTube$InternalReadPublisher$ReadEvent.signalEvent(SocketTube.java:965)
	at java.net.http/jdk.internal.net.http.SocketTube$SocketFlowEvent.handle(SocketTube.java:253)
	at java.net.http/jdk.internal.net.http.HttpClientImpl$SelectorManager.handleEvent(HttpClientImpl.java:1469)
	at java.net.http/jdk.internal.net.http.HttpClientImpl$SelectorManager.lambda$run$3(HttpClientImpl.java:1414)
	at java.base/java.util.ArrayList.forEach(ArrayList.java:1596)
	at java.net.http/jdk.internal.net.http.HttpClientImpl$SelectorManager.run(HttpClientImpl.java:1414)

Jan 23, 2025 9:51:08 AM org.openqa.selenium.devtools.CdpVersionFinder findNearestMatch
WARNING: Unable to find CDP implementation matching 131
Jan 23, 2025 9:51:08 AM org.openqa.selenium.chromium.ChromiumDriver lambda$new$5
WARNING: Unable to find version of CDP to use for 131.0.2903.112. You may need to include a dependency on a specific version of the CDP using something similar to `org.seleniumhq.selenium:selenium-devtools-v86:4.14.0` where the version ("v86") matches the version of the chromium-based browser you're using and the version number of the artifact is the same as Selenium's.
]]></system-err>
  </testcase>
  <testcase name="Arriving" classname="com.qa.Testscript.TC06_ArrDep" time="1.798">
    <system-out><![CDATA[2025-01-23 09:51:13 INFO  TC06_ArrDep:47 - ***** starting Arriving **** 
Default value in the depending from and returning select box are same.
2025-01-23 09:51:15 INFO  TC06_ArrDep:63 - ***** finished Arriving **** 
]]></system-out>
  </testcase>
  <testcase name="preferences" classname="com.qa.Testscript.TC07_Preferences" time="3.131">
    <system-out><![CDATA[2025-01-23 09:51:22 INFO  TC07_Preferences:13 - ***** starting TC06_Preference **** 
Radio button with value: Coach is selected.
Radio button with value: Business is selected.
Radio button with value: First is selected.
Dropdown Options:
No Preference
Blue Skies Airlines
Unified Airlines
Pangea Airlines
2025-01-23 09:51:25 INFO  TC07_Preferences:46 - ***** finished TC06_Preference **** 
]]></system-out>
    <system-err><![CDATA[Jan 23, 2025 9:51:18 AM org.openqa.selenium.devtools.CdpVersionFinder findNearestMatch
WARNING: Unable to find CDP implementation matching 131
Jan 23, 2025 9:51:18 AM org.openqa.selenium.chromium.ChromiumDriver lambda$new$5
WARNING: Unable to find version of CDP to use for 131.0.2903.112. You may need to include a dependency on a specific version of the CDP using something similar to `org.seleniumhq.selenium:selenium-devtools-v86:4.14.0` where the version ("v86") matches the version of the chromium-based browser you're using and the version number of the artifact is the same as Selenium's.
]]></system-err>
  </testcase>
</testsuite>